{"pytest_version": "5.2.0", "$report_type": "SessionStart"}
{"nodeid": "", "outcome": "passed", "longrepr": null, "result": null, "sections": [], "_report_type": "CollectReport"}
{"nodeid": "__init__.py", "outcome": "passed", "longrepr": null, "result": null, "sections": [], "_report_type": "CollectReport"}
{"nodeid": "Caps/__init__.py", "outcome": "passed", "longrepr": null, "result": null, "sections": [], "_report_type": "CollectReport"}
{"nodeid": "Common/__init__.py", "outcome": "passed", "longrepr": null, "result": null, "sections": [], "_report_type": "CollectReport"}
{"nodeid": "PageObjects/__init__.py", "outcome": "passed", "longrepr": null, "result": null, "sections": [], "_report_type": "CollectReport"}
{"nodeid": "PaggeLocators/__init__.py", "outcome": "passed", "longrepr": null, "result": null, "sections": [], "_report_type": "CollectReport"}
{"nodeid": "TestCases/test_0_login.py::TestLogin", "outcome": "passed", "longrepr": null, "result": null, "sections": [], "_report_type": "CollectReport"}
{"nodeid": "TestCases/test_0_login.py::TestLogin", "outcome": "passed", "longrepr": null, "result": null, "sections": [], "_report_type": "CollectReport"}
{"nodeid": "TestCases/test_0_login.py", "outcome": "passed", "longrepr": null, "result": null, "sections": [], "_report_type": "CollectReport"}
{"nodeid": "TestCases/__init__.py", "outcome": "passed", "longrepr": null, "result": null, "sections": [], "_report_type": "CollectReport"}
{"nodeid": "TestDatas/__init__.py", "outcome": "passed", "longrepr": null, "result": null, "sections": [], "_report_type": "CollectReport"}
{"nodeid": "TestCases/test_0_login.py::TestLogin::test_prepare", "location": ["TestCases\\test_0_login.py", 13, "TestLogin.test_prepare"], "keywords": {"test_prepare": 1, "TestLogin": 1, "test": 1, "AppFramework": 1, "TestCases/__init__.py": 1, "pytestmark": 1, "usefixtures": 1, "()": 1, "test_0_login.py": 1}, "outcome": "passed", "longrepr": null, "when": "setup", "user_properties": [], "sections": [["Captured log setup", "\u001b[32mINFO    \u001b[0m root:conftest.py:65 xxxxxxx"]], "duration": 13.961738586425781, "_report_type": "TestReport"}
{"nodeid": "TestCases/test_0_login.py::TestLogin::test_prepare", "location": ["TestCases\\test_0_login.py", 13, "TestLogin.test_prepare"], "keywords": {"test_prepare": 1, "TestLogin": 1, "test": 1, "AppFramework": 1, "TestCases/__init__.py": 1, "pytestmark": 1, "usefixtures": 1, "()": 1, "test_0_login.py": 1}, "outcome": "passed", "longrepr": null, "when": "call", "user_properties": [], "sections": [["Captured log setup", "\u001b[32mINFO    \u001b[0m root:conftest.py:65 xxxxxxx"], ["Captured log call", "\u001b[32mINFO    \u001b[0m root:basepage.py:38 \u5143\u7d20('id', 'com.xxzb.fenwoo:id/btn_login')\u67e5\u627e\u6210\u529f\uff0c\u8017\u65f60.5346019268035889s\n\u001b[32mINFO    \u001b[0m root:test_0_login.py:19 app\u5df2\u767b\u5f55,\u6267\u884c\u6570\u636e\u6e05\u7a7a\u64cd\u4f5c!"]], "duration": 0.5355775356292725, "_report_type": "TestReport"}
{"nodeid": "TestCases/test_0_login.py::TestLogin::test_prepare", "location": ["TestCases\\test_0_login.py", 13, "TestLogin.test_prepare"], "keywords": {"test_prepare": 1, "TestLogin": 1, "test": 1, "AppFramework": 1, "TestCases/__init__.py": 1, "pytestmark": 1, "usefixtures": 1, "()": 1, "test_0_login.py": 1}, "outcome": "passed", "longrepr": null, "when": "teardown", "user_properties": [], "sections": [["Captured log setup", "\u001b[32mINFO    \u001b[0m root:conftest.py:65 xxxxxxx"], ["Captured log call", "\u001b[32mINFO    \u001b[0m root:basepage.py:38 \u5143\u7d20('id', 'com.xxzb.fenwoo:id/btn_login')\u67e5\u627e\u6210\u529f\uff0c\u8017\u65f60.5346019268035889s\n\u001b[32mINFO    \u001b[0m root:test_0_login.py:19 app\u5df2\u767b\u5f55,\u6267\u884c\u6570\u636e\u6e05\u7a7a\u64cd\u4f5c!"]], "duration": 0.8447341918945312, "_report_type": "TestReport"}
{"nodeid": "TestCases/test_0_login.py::TestLogin::test_login_tele_wrong[testdatas0]", "location": ["TestCases\\test_0_login.py", 23, "TestLogin.test_login_tele_wrong[testdatas0]"], "keywords": {"testdatas0": 1, "TestLogin": 1, "test_login_tele_wrong[testdatas0]": 1, "AppFramework": 1, "TestCases/__init__.py": 1, "pytestmark": 1, "()": 1, "test_0_login.py": 1, "test": 1, "parametrize": 1, "usefixtures": 1}, "outcome": "passed", "longrepr": null, "when": "setup", "user_properties": [], "sections": [], "duration": 45.686341285705566, "_report_type": "TestReport"}
{"nodeid": "TestCases/test_0_login.py::TestLogin::test_login_tele_wrong[testdatas0]", "location": ["TestCases\\test_0_login.py", 23, "TestLogin.test_login_tele_wrong[testdatas0]"], "keywords": {"testdatas0": 1, "TestLogin": 1, "test_login_tele_wrong[testdatas0]": 1, "AppFramework": 1, "TestCases/__init__.py": 1, "pytestmark": 1, "()": 1, "test_0_login.py": 1, "test": 1, "parametrize": 1, "usefixtures": 1}, "outcome": "failed", "longrepr": {"reprcrash": {"path": "d:\\python\\mystudy\\AppFramework\\Common\\basepage.py", "lineno": 101, "message": "AttributeError: 'LoginPage' object has no attribute 'model'"}, "reprtraceback": {"reprentries": [{"type": "ReprEntry", "data": {"lines": ["    @pytest.mark.parametrize('testdatas',GetTestDatas().get_testdatas()['login_tele_wrong'])", "    @pytest.mark.usefixtures('init_keep')", "    def test_login_tele_wrong(self,init_keep,init_session,testdatas):", "        init_session.info('\u624b\u673a\u53f7\u8f93\u5165\u9519\u8bef\u7528\u4f8b')", "        name = '\u624b\u673a\u53f7\u8f93\u5165\u9519\u8bef'", "        BottomWidget(init_keep,init_session,name).switch_bottom_widget('\u6211')", ">       LoginPage(init_keep,init_session,name).input_tele(testdatas['tele'])"], "reprfuncargs": {"args": [["self", "<AppFramework.TestCases.test_0_login.TestLogin object at 0x00000284BDD6C910>"], ["init_keep", "<appium.webdriver.webdriver.WebDriver (session=\"d0f878b5-11da-4478-818c-e61d1178ff60\")>"], ["init_session", "<module 'logging' from 'D:\\\\Program Files (x86)\\\\python\\\\lib\\\\logging\\\\__init__.py'>"], ["testdatas", "{'msg': '\u65e0\u6548\u7684\u624b\u673a\u53f7', 'tele': None}"]]}, "reprlocals": null, "reprfileloc": {"path": "TestCases\\test_0_login.py", "lineno": 30, "message": ""}, "style": "long"}}, {"type": "ReprEntry", "data": {"lines": ["    self.input_ele_text(loc.input_tele_loc,tele)"], "reprfuncargs": null, "reprlocals": null, "reprfileloc": {"path": "PageObjects\\loginpage.py", "lineno": 20, "message": "in input_tele"}, "style": "short"}}, {"type": "ReprEntry", "data": {"lines": ["    self.imgs_screenshot()"], "reprfuncargs": null, "reprlocals": null, "reprfileloc": {"path": "Common\\basepage.py", "lineno": 61, "message": "in input_ele_text"}, "style": "short"}}, {"type": "ReprEntry", "data": {"lines": ["    def imgs_screenshot(self):", "        #\u914d\u7f6e\u622a\u56fe\u5f97\u8def\u5f84\u548c\u6587\u4ef6\u540d\u79f0", ">       pic_name = '{0}-{1}.png'.format(self.model,time.strftime(\"%Y-%m-%d-%H-%M-%S\",time.localtime()))", "E       AttributeError: 'LoginPage' object has no attribute 'model'"], "reprfuncargs": {"args": [["self", "<PageObjects.loginpage.LoginPage object at 0x00000284BDDB93A0>"]]}, "reprlocals": null, "reprfileloc": {"path": "Common\\basepage.py", "lineno": 101, "message": "AttributeError"}, "style": "long"}}], "extraline": null, "style": "long"}, "sections": [], "chain": [[{"reprentries": [{"type": "ReprEntry", "data": {"lines": ["    def input_ele_text(self,loc,value):", "        ele = self.get_ele(loc)", "        try:", ">           ele.send_keys(value)"], "reprfuncargs": {"args": [["self", "<PageObjects.loginpage.LoginPage object at 0x00000284BDDB93A0>"], ["loc", "('id', 'com.xxzb.fenwoo:id/et_phone')"], ["value", "None"]]}, "reprlocals": null, "reprfileloc": {"path": "Common\\basepage.py", "lineno": 58, "message": ""}, "style": "long"}}, {"type": "ReprEntry", "data": {"lines": ["    def send_keys(self, *value):", "        \"\"\"Simulates typing into the element.", "    ", "        :Args:", "            - value - A string for typing, or setting form fields.  For setting", "              file inputs, this could be a local file path.", "    ", "        Use this to send simple key events or to fill out form fields::", "    ", "            form_textfield = driver.find_element_by_name('username')", "            form_textfield.send_keys(\"admin\")", "    ", "        This can also be used to set file inputs.", "    ", "        ::", "    ", "            file_input = driver.find_element_by_name('profilePic')", "            file_input.send_keys(\"path/to/profilepic.gif\")", "            # Generally it's better to wrap the file path in one of the methods", "            # in os.path to return the actual path to support cross OS testing.", "            # file_input.send_keys(os.path.abspath(\"path/to/profilepic.gif\"))", "    ", "        \"\"\"", "        # transfer file to another machine only if remote driver is used", "        # the same behaviour as for java binding", "        if self.parent._is_remote:", ">           local_file = self.parent.file_detector.is_local_file(*value)"], "reprfuncargs": {"args": [["self", "<appium.webdriver.webelement.WebElement (session=\"d0f878b5-11da-4478-818c-e61d1178ff60\", element=\"84397e71-9034-4eea-9413-a5b8dd7ea3ef\")>"], ["value", "(None,)"]]}, "reprlocals": null, "reprfileloc": {"path": "D:\\Program Files (x86)\\python\\lib\\site-packages\\selenium\\webdriver\\remote\\webelement.py", "lineno": 473, "message": ""}, "style": "long"}}, {"type": "ReprEntry", "data": {"lines": ["    def is_local_file(self, *keys):", ">       file_path = ''.join(keys_to_typing(keys))"], "reprfuncargs": {"args": [["self", "<selenium.webdriver.remote.file_detector.LocalFileDetector object at 0x00000284BDDAADC0>"], ["keys", "(None,)"]]}, "reprlocals": null, "reprfileloc": {"path": "D:\\Program Files (x86)\\python\\lib\\site-packages\\selenium\\webdriver\\remote\\file_detector.py", "lineno": 48, "message": ""}, "style": "long"}}, {"type": "ReprEntry", "data": {"lines": ["    def keys_to_typing(value):", "        \"\"\"Processes the values that will be typed in the element.\"\"\"", "        typing = []", "        for val in value:", "            if isinstance(val, Keys):", "                typing.append(val)", "            elif isinstance(val, int):", "                val = str(val)", "                for i in range(len(val)):", "                    typing.append(val[i])", "            else:", ">               for i in range(len(val)):", "E               TypeError: object of type 'NoneType' has no len()"], "reprfuncargs": {"args": [["value", "(None,)"]]}, "reprlocals": null, "reprfileloc": {"path": "D:\\Program Files (x86)\\python\\lib\\site-packages\\selenium\\webdriver\\common\\utils.py", "lineno": 150, "message": "TypeError"}, "style": "long"}}], "extraline": null, "style": "long"}, {"path": "D:\\Program Files (x86)\\python\\lib\\site-packages\\selenium\\webdriver\\common\\utils.py", "lineno": 150, "message": "TypeError: object of type 'NoneType' has no len()"}, "During handling of the above exception, another exception occurred:"], [{"reprentries": [{"type": "ReprEntry", "data": {"lines": ["    @pytest.mark.parametrize('testdatas',GetTestDatas().get_testdatas()['login_tele_wrong'])", "    @pytest.mark.usefixtures('init_keep')", "    def test_login_tele_wrong(self,init_keep,init_session,testdatas):", "        init_session.info('\u624b\u673a\u53f7\u8f93\u5165\u9519\u8bef\u7528\u4f8b')", "        name = '\u624b\u673a\u53f7\u8f93\u5165\u9519\u8bef'", "        BottomWidget(init_keep,init_session,name).switch_bottom_widget('\u6211')", ">       LoginPage(init_keep,init_session,name).input_tele(testdatas['tele'])"], "reprfuncargs": {"args": [["self", "<AppFramework.TestCases.test_0_login.TestLogin object at 0x00000284BDD6C910>"], ["init_keep", "<appium.webdriver.webdriver.WebDriver (session=\"d0f878b5-11da-4478-818c-e61d1178ff60\")>"], ["init_session", "<module 'logging' from 'D:\\\\Program Files (x86)\\\\python\\\\lib\\\\logging\\\\__init__.py'>"], ["testdatas", "{'msg': '\u65e0\u6548\u7684\u624b\u673a\u53f7', 'tele': None}"]]}, "reprlocals": null, "reprfileloc": {"path": "TestCases\\test_0_login.py", "lineno": 30, "message": ""}, "style": "long"}}, {"type": "ReprEntry", "data": {"lines": ["    self.input_ele_text(loc.input_tele_loc,tele)"], "reprfuncargs": null, "reprlocals": null, "reprfileloc": {"path": "PageObjects\\loginpage.py", "lineno": 20, "message": "in input_tele"}, "style": "short"}}, {"type": "ReprEntry", "data": {"lines": ["    self.imgs_screenshot()"], "reprfuncargs": null, "reprlocals": null, "reprfileloc": {"path": "Common\\basepage.py", "lineno": 61, "message": "in input_ele_text"}, "style": "short"}}, {"type": "ReprEntry", "data": {"lines": ["    def imgs_screenshot(self):", "        #\u914d\u7f6e\u622a\u56fe\u5f97\u8def\u5f84\u548c\u6587\u4ef6\u540d\u79f0", ">       pic_name = '{0}-{1}.png'.format(self.model,time.strftime(\"%Y-%m-%d-%H-%M-%S\",time.localtime()))", "E       AttributeError: 'LoginPage' object has no attribute 'model'"], "reprfuncargs": {"args": [["self", "<PageObjects.loginpage.LoginPage object at 0x00000284BDDB93A0>"]]}, "reprlocals": null, "reprfileloc": {"path": "Common\\basepage.py", "lineno": 101, "message": "AttributeError"}, "style": "long"}}], "extraline": null, "style": "long"}, {"path": "d:\\python\\mystudy\\AppFramework\\Common\\basepage.py", "lineno": 101, "message": "AttributeError: 'LoginPage' object has no attribute 'model'"}, null]]}, "when": "call", "user_properties": [], "sections": [["Captured log call", "\u001b[32mINFO    \u001b[0m root:test_0_login.py:27 \u624b\u673a\u53f7\u8f93\u5165\u9519\u8bef\u7528\u4f8b\n\u001b[32mINFO    \u001b[0m root:bottom_widget.py:15 \u5207\u6362\u5230\u9875\u9762\u6211\n\u001b[32mINFO    \u001b[0m root:basepage.py:38 \u5143\u7d20('-android uiautomator', 'new UiSelector().text(\"\u6211\")')\u67e5\u627e\u6210\u529f\uff0c\u8017\u65f60.5701112747192383s\n\u001b[32mINFO    \u001b[0m root:basepage.py:47 \u5143\u7d20('-android uiautomator', 'new UiSelector().text(\"\u6211\")')\u67e5\u627e\u6210\u529f\uff01\n\u001b[32mINFO    \u001b[0m root:basepage.py:80 \u5143\u7d20('-android uiautomator', 'new UiSelector().text(\"\u6211\")')\u6210\u529f\u70b9\u51fb!\n\u001b[32mINFO    \u001b[0m root:basepage.py:38 \u5143\u7d20('id', 'com.xxzb.fenwoo:id/et_phone')\u67e5\u627e\u6210\u529f\uff0c\u8017\u65f60.9667460918426514s\n\u001b[32mINFO    \u001b[0m root:basepage.py:47 \u5143\u7d20('id', 'com.xxzb.fenwoo:id/et_phone')\u67e5\u627e\u6210\u529f\uff01"]], "duration": 2.3052239418029785, "_report_type": "TestReport"}
{"nodeid": "TestCases/test_0_login.py::TestLogin::test_login_tele_wrong[testdatas0]", "location": ["TestCases\\test_0_login.py", 23, "TestLogin.test_login_tele_wrong[testdatas0]"], "keywords": {"testdatas0": 1, "TestLogin": 1, "test_login_tele_wrong[testdatas0]": 1, "AppFramework": 1, "TestCases/__init__.py": 1, "pytestmark": 1, "()": 1, "test_0_login.py": 1, "test": 1, "parametrize": 1, "usefixtures": 1}, "outcome": "passed", "longrepr": null, "when": "teardown", "user_properties": [], "sections": [["Captured log call", "\u001b[32mINFO    \u001b[0m root:test_0_login.py:27 \u624b\u673a\u53f7\u8f93\u5165\u9519\u8bef\u7528\u4f8b\n\u001b[32mINFO    \u001b[0m root:bottom_widget.py:15 \u5207\u6362\u5230\u9875\u9762\u6211\n\u001b[32mINFO    \u001b[0m root:basepage.py:38 \u5143\u7d20('-android uiautomator', 'new UiSelector().text(\"\u6211\")')\u67e5\u627e\u6210\u529f\uff0c\u8017\u65f60.5701112747192383s\n\u001b[32mINFO    \u001b[0m root:basepage.py:47 \u5143\u7d20('-android uiautomator', 'new UiSelector().text(\"\u6211\")')\u67e5\u627e\u6210\u529f\uff01\n\u001b[32mINFO    \u001b[0m root:basepage.py:80 \u5143\u7d20('-android uiautomator', 'new UiSelector().text(\"\u6211\")')\u6210\u529f\u70b9\u51fb!\n\u001b[32mINFO    \u001b[0m root:basepage.py:38 \u5143\u7d20('id', 'com.xxzb.fenwoo:id/et_phone')\u67e5\u627e\u6210\u529f\uff0c\u8017\u65f60.9667460918426514s\n\u001b[32mINFO    \u001b[0m root:basepage.py:47 \u5143\u7d20('id', 'com.xxzb.fenwoo:id/et_phone')\u67e5\u627e\u6210\u529f\uff01"]], "duration": 1.329587697982788, "_report_type": "TestReport"}
{"exitstatus": 1, "$report_type": "SessionFinish"}
