{"pytest_version": "5.2.0", "$report_type": "SessionStart"}
{"nodeid": "", "outcome": "passed", "longrepr": null, "result": null, "sections": [], "_report_type": "CollectReport"}
{"nodeid": "__init__.py", "outcome": "passed", "longrepr": null, "result": null, "sections": [], "_report_type": "CollectReport"}
{"nodeid": "Caps/__init__.py", "outcome": "passed", "longrepr": null, "result": null, "sections": [], "_report_type": "CollectReport"}
{"nodeid": "Common/__init__.py", "outcome": "passed", "longrepr": null, "result": null, "sections": [], "_report_type": "CollectReport"}
{"nodeid": "PageLocators/__init__.py", "outcome": "passed", "longrepr": null, "result": null, "sections": [], "_report_type": "CollectReport"}
{"nodeid": "PageObjects/__init__.py", "outcome": "passed", "longrepr": null, "result": null, "sections": [], "_report_type": "CollectReport"}
{"nodeid": "TestCases/test_0_prepare.py::TestPreprae", "outcome": "passed", "longrepr": null, "result": null, "sections": [], "_report_type": "CollectReport"}
{"nodeid": "TestCases/test_0_prepare.py::TestPreprae", "outcome": "passed", "longrepr": null, "result": null, "sections": [], "_report_type": "CollectReport"}
{"nodeid": "TestCases/test_0_prepare.py", "outcome": "passed", "longrepr": null, "result": null, "sections": [], "_report_type": "CollectReport"}
{"nodeid": "TestCases/test_1_login.py::TestLogin", "outcome": "passed", "longrepr": null, "result": null, "sections": [], "_report_type": "CollectReport"}
{"nodeid": "TestCases/test_1_login.py::TestLogin", "outcome": "passed", "longrepr": null, "result": null, "sections": [], "_report_type": "CollectReport"}
{"nodeid": "TestCases/test_1_login.py", "outcome": "passed", "longrepr": null, "result": null, "sections": [], "_report_type": "CollectReport"}
{"nodeid": "TestCases/test_2_invest.py::TestInvest", "outcome": "passed", "longrepr": null, "result": null, "sections": [], "_report_type": "CollectReport"}
{"nodeid": "TestCases/test_2_invest.py::TestInvest", "outcome": "passed", "longrepr": null, "result": null, "sections": [], "_report_type": "CollectReport"}
{"nodeid": "TestCases/test_2_invest.py", "outcome": "passed", "longrepr": null, "result": null, "sections": [], "_report_type": "CollectReport"}
{"nodeid": "TestCases/__init__.py", "outcome": "passed", "longrepr": null, "result": null, "sections": [], "_report_type": "CollectReport"}
{"nodeid": "TestDatas/__init__.py", "outcome": "passed", "longrepr": null, "result": null, "sections": [], "_report_type": "CollectReport"}
{"nodeid": "TestCases/test_2_invest.py::TestInvest::test_invest_worng[logindata0-testdatas0]", "location": ["TestCases\\test_2_invest.py", 35, "TestInvest.test_invest_worng[logindata0-testdatas0]"], "keywords": {"test_2_invest.py": 1, "logindata0-testdatas0": 1, "TestInvest": 1, "TestCases/__init__.py": 1, "AppFramework": 1, "()": 1, "usefixtures": 1, "test_invest_worng[logindata0-testdatas0]": 1, "parametrize": 1, "pytestmark": 1, "testinvest": 1}, "outcome": "passed", "longrepr": null, "when": "setup", "user_properties": [], "sections": [["Captured log setup", "\u001b[32mINFO    \u001b[0m root:conftest.py:65 xxxxxxx"]], "duration": 13.49268102645874, "_report_type": "TestReport"}
{"nodeid": "TestCases/test_2_invest.py::TestInvest::test_invest_worng[logindata0-testdatas0]", "location": ["TestCases\\test_2_invest.py", 35, "TestInvest.test_invest_worng[logindata0-testdatas0]"], "keywords": {"test_2_invest.py": 1, "logindata0-testdatas0": 1, "TestInvest": 1, "TestCases/__init__.py": 1, "AppFramework": 1, "()": 1, "usefixtures": 1, "test_invest_worng[logindata0-testdatas0]": 1, "parametrize": 1, "pytestmark": 1, "testinvest": 1}, "outcome": "failed", "longrepr": {"reprcrash": {"path": "D:\\Program Files (x86)\\python\\lib\\site-packages\\selenium\\webdriver\\remote\\errorhandler.py", "lineno": 242, "message": "selenium.common.exceptions.WebDriverException: Message: An unknown server-side error occurred while processing the command. Original error: Could not proxy command to remote server. Original error: Error: socket hang up"}, "reprtraceback": {"reprentries": [{"type": "ReprEntry", "data": {"lines": ["    @pytest.mark.testinvest", "    @pytest.mark.parametrize('testdatas',GetTestDatas().get_testdatas()['invest_wrong'])", "    @pytest.mark.parametrize('logindata',GetTestDatas().get_testdatas()['login_success'])", "    def test_invest_worng(self,init_class_keep_toast,init_session,testdatas,logindata):", "        '''", "        \u524d\u63d0:\u5df2\u767b\u5f55\u72b6\u6001", "        1.\u8fdb\u5165\u5230\"\u9879\u76ee\"\u9875\u7b7e", "        2.\u70b9\u51fb\u53ef\u6295\u8d44\u7684\u9879\u76ee", "        3.\u8f93\u5165\u6295\u8d44\u91d1\u989d", "        4.\u70b9\u51fb\u6295\u6807\u6309\u94ae", "        5.\u786e\u8ba4toast\u9519\u8bef\u63d0\u793a", "        '''", "        name = '\u6295\u6807\u64cd\u4f5c'", "        #\u5224\u5b9a\u662f\u5426\u5df2\u767b\u5f55,\u82e5\u672a\u767b\u5f55,\u5219\u6267\u884c\u767b\u5f55\u64cd\u4f5c", "        if IndexPage(init_class_keep_toast,init_session,name).visiable_login_btn():", "            init_session.info('app\u5904\u4e8e\u672a\u767b\u5f55\u72b6\u6001,\u8fdb\u884c\u8d26\u53f7\u767b\u5f55!')", "            name1 = '\u524d\u63d0:\u767b\u5f55\u72b6\u6001'", "            self.prepare_login(init_class_keep_toast,init_session,name1,logindata)", "        if BottomWidget(init_class_keep_toast,init_session,name).visiable_bottom_widget('\u9879\u76ee'):", ">           BottomWidget(init_class_keep_toast,init_session,name).switch_bottom_widget('\u9879\u76ee')"], "reprfuncargs": {"args": [["self", "<AppFramework.TestCases.test_2_invest.TestInvest object at 0x000001B3EAC3D340>"], ["init_class_keep_toast", "<appium.webdriver.webdriver.WebDriver (session=\"5b2079ae-e09f-4a35-8459-1c70765398b7\")>"], ["init_session", "<module 'logging' from 'D:\\\\Program Files (x86)\\\\python\\\\lib\\\\logging\\\\__init__.py'>"], ["testdatas", "{'ammount': 0, 'msg': '\u6700\u5c0f\u6295\u8d44\u91d1\u989d\u4e3a:100.0'}"], ["logindata", "{'pwd': 'python', 'tele': 18684720553}"]]}, "reprlocals": null, "reprfileloc": {"path": "TestCases\\test_2_invest.py", "lineno": 55, "message": ""}, "style": "long"}}, {"type": "ReprEntry", "data": {"lines": ["    self.click_ele(loc)"], "reprfuncargs": null, "reprlocals": null, "reprfileloc": {"path": "PageObjects\\bottom_widget.py", "lineno": 18, "message": "in switch_bottom_widget"}, "style": "short"}}, {"type": "ReprEntry", "data": {"lines": ["    self.imgs_screenshot()"], "reprfuncargs": null, "reprlocals": null, "reprfileloc": {"path": "Common\\basepage.py", "lineno": 104, "message": "in click_ele"}, "style": "short"}}, {"type": "ReprEntry", "data": {"lines": ["    raise e"], "reprfuncargs": null, "reprlocals": null, "reprfileloc": {"path": "Common\\basepage.py", "lineno": 130, "message": "in imgs_screenshot"}, "style": "short"}}, {"type": "ReprEntry", "data": {"lines": ["    self.driver.save_screenshot(pic_path)"], "reprfuncargs": null, "reprlocals": null, "reprfileloc": {"path": "Common\\basepage.py", "lineno": 126, "message": "in imgs_screenshot"}, "style": "short"}}, {"type": "ReprEntry", "data": {"lines": ["    return self.get_screenshot_as_file(filename)"], "reprfuncargs": null, "reprlocals": null, "reprfileloc": {"path": "D:\\Program Files (x86)\\python\\lib\\site-packages\\selenium\\webdriver\\remote\\webdriver.py", "lineno": 1055, "message": "in save_screenshot"}, "style": "short"}}, {"type": "ReprEntry", "data": {"lines": ["    png = self.get_screenshot_as_png()"], "reprfuncargs": null, "reprlocals": null, "reprfileloc": {"path": "D:\\Program Files (x86)\\python\\lib\\site-packages\\selenium\\webdriver\\remote\\webdriver.py", "lineno": 1032, "message": "in get_screenshot_as_file"}, "style": "short"}}, {"type": "ReprEntry", "data": {"lines": ["    return base64.b64decode(self.get_screenshot_as_base64().encode('ascii'))"], "reprfuncargs": null, "reprlocals": null, "reprfileloc": {"path": "D:\\Program Files (x86)\\python\\lib\\site-packages\\selenium\\webdriver\\remote\\webdriver.py", "lineno": 1064, "message": "in get_screenshot_as_png"}, "style": "short"}}, {"type": "ReprEntry", "data": {"lines": ["    return self.execute(Command.SCREENSHOT)['value']"], "reprfuncargs": null, "reprlocals": null, "reprfileloc": {"path": "D:\\Program Files (x86)\\python\\lib\\site-packages\\selenium\\webdriver\\remote\\webdriver.py", "lineno": 1074, "message": "in get_screenshot_as_base64"}, "style": "short"}}, {"type": "ReprEntry", "data": {"lines": ["    self.error_handler.check_response(response)"], "reprfuncargs": null, "reprlocals": null, "reprfileloc": {"path": "D:\\Program Files (x86)\\python\\lib\\site-packages\\selenium\\webdriver\\remote\\webdriver.py", "lineno": 321, "message": "in execute"}, "style": "short"}}, {"type": "ReprEntry", "data": {"lines": ["    raise wde"], "reprfuncargs": null, "reprlocals": null, "reprfileloc": {"path": "D:\\Program Files (x86)\\python\\lib\\site-packages\\appium\\webdriver\\errorhandler.py", "lineno": 29, "message": "in check_response"}, "style": "short"}}, {"type": "ReprEntry", "data": {"lines": ["    super(MobileErrorHandler, self).check_response(response)"], "reprfuncargs": null, "reprlocals": null, "reprfileloc": {"path": "D:\\Program Files (x86)\\python\\lib\\site-packages\\appium\\webdriver\\errorhandler.py", "lineno": 24, "message": "in check_response"}, "style": "short"}}, {"type": "ReprEntry", "data": {"lines": ["    def check_response(self, response):", "        \"\"\"", "        Checks that a JSON response from the WebDriver does not have an error.", "    ", "        :Args:", "         - response - The JSON response from the WebDriver server as a dictionary", "           object.", "    ", "        :Raises: If the response contains an error message.", "        \"\"\"", "        status = response.get('status', None)", "        if status is None or status == ErrorCode.SUCCESS:", "            return", "        value = None", "        message = response.get(\"message\", \"\")", "        screen = response.get(\"screen\", \"\")", "        stacktrace = None", "        if isinstance(status, int):", "            value_json = response.get('value', None)", "            if value_json and isinstance(value_json, basestring):", "                import json", "                try:", "                    value = json.loads(value_json)", "                    if len(value.keys()) == 1:", "                        value = value['value']", "                    status = value.get('error', None)", "                    if status is None:", "                        status = value[\"status\"]", "                        message = value[\"value\"]", "                        if not isinstance(message, basestring):", "                            value = message", "                            message = message.get('message')", "                    else:", "                        message = value.get('message', None)", "                except ValueError:", "                    pass", "    ", "        exception_class = ErrorInResponseException", "        if status in ErrorCode.NO_SUCH_ELEMENT:", "            exception_class = NoSuchElementException", "        elif status in ErrorCode.NO_SUCH_FRAME:", "            exception_class = NoSuchFrameException", "        elif status in ErrorCode.NO_SUCH_WINDOW:", "            exception_class = NoSuchWindowException", "        elif status in ErrorCode.STALE_ELEMENT_REFERENCE:", "            exception_class = StaleElementReferenceException", "        elif status in ErrorCode.ELEMENT_NOT_VISIBLE:", "            exception_class = ElementNotVisibleException", "        elif status in ErrorCode.INVALID_ELEMENT_STATE:", "            exception_class = InvalidElementStateException", "        elif status in ErrorCode.INVALID_SELECTOR \\", "                or status in ErrorCode.INVALID_XPATH_SELECTOR \\", "                or status in ErrorCode.INVALID_XPATH_SELECTOR_RETURN_TYPER:", "            exception_class = InvalidSelectorException", "        elif status in ErrorCode.ELEMENT_IS_NOT_SELECTABLE:", "            exception_class = ElementNotSelectableException", "        elif status in ErrorCode.ELEMENT_NOT_INTERACTABLE:", "            exception_class = ElementNotInteractableException", "        elif status in ErrorCode.INVALID_COOKIE_DOMAIN:", "            exception_class = InvalidCookieDomainException", "        elif status in ErrorCode.UNABLE_TO_SET_COOKIE:", "            exception_class = UnableToSetCookieException", "        elif status in ErrorCode.TIMEOUT:", "            exception_class = TimeoutException", "        elif status in ErrorCode.SCRIPT_TIMEOUT:", "            exception_class = TimeoutException", "        elif status in ErrorCode.UNKNOWN_ERROR:", "            exception_class = WebDriverException", "        elif status in ErrorCode.UNEXPECTED_ALERT_OPEN:", "            exception_class = UnexpectedAlertPresentException", "        elif status in ErrorCode.NO_ALERT_OPEN:", "            exception_class = NoAlertPresentException", "        elif status in ErrorCode.IME_NOT_AVAILABLE:", "            exception_class = ImeNotAvailableException", "        elif status in ErrorCode.IME_ENGINE_ACTIVATION_FAILED:", "            exception_class = ImeActivationFailedException", "        elif status in ErrorCode.MOVE_TARGET_OUT_OF_BOUNDS:", "            exception_class = MoveTargetOutOfBoundsException", "        elif status in ErrorCode.JAVASCRIPT_ERROR:", "            exception_class = JavascriptException", "        elif status in ErrorCode.SESSION_NOT_CREATED:", "            exception_class = SessionNotCreatedException", "        elif status in ErrorCode.INVALID_ARGUMENT:", "            exception_class = InvalidArgumentException", "        elif status in ErrorCode.NO_SUCH_COOKIE:", "            exception_class = NoSuchCookieException", "        elif status in ErrorCode.UNABLE_TO_CAPTURE_SCREEN:", "            exception_class = ScreenshotException", "        elif status in ErrorCode.ELEMENT_CLICK_INTERCEPTED:", "            exception_class = ElementClickInterceptedException", "        elif status in ErrorCode.INSECURE_CERTIFICATE:", "            exception_class = InsecureCertificateException", "        elif status in ErrorCode.INVALID_COORDINATES:", "            exception_class = InvalidCoordinatesException", "        elif status in ErrorCode.INVALID_SESSION_ID:", "            exception_class = InvalidSessionIdException", "        elif status in ErrorCode.UNKNOWN_METHOD:", "            exception_class = UnknownMethodException", "        else:", "            exception_class = WebDriverException", "        if value == '' or value is None:", "            value = response['value']", "        if isinstance(value, basestring):", "            if exception_class == ErrorInResponseException:", "                raise exception_class(response, value)", "            raise exception_class(value)", "        if message == \"\" and 'message' in value:", "            message = value['message']", "    ", "        screen = None", "        if 'screen' in value:", "            screen = value['screen']", "    ", "        stacktrace = None", "        if 'stackTrace' in value and value['stackTrace']:", "            stacktrace = []", "            try:", "                for frame in value['stackTrace']:", "                    line = self._value_or_default(frame, 'lineNumber', '')", "                    file = self._value_or_default(frame, 'fileName', '<anonymous>')", "                    if line:", "                        file = \"%s:%s\" % (file, line)", "                    meth = self._value_or_default(frame, 'methodName', '<anonymous>')", "                    if 'className' in frame:", "                        meth = \"%s.%s\" % (frame['className'], meth)", "                    msg = \"    at %s (%s)\"", "                    msg = msg % (meth, file)", "                    stacktrace.append(msg)", "            except TypeError:", "                pass", "        if exception_class == ErrorInResponseException:", "            raise exception_class(response, message)", "        elif exception_class == UnexpectedAlertPresentException:", "            alert_text = None", "            if 'data' in value:", "                alert_text = value['data'].get('text')", "            elif 'alert' in value:", "                alert_text = value['alert'].get('text')", "            raise exception_class(message, screen, stacktrace, alert_text)", ">       raise exception_class(message, screen, stacktrace)", "E       selenium.common.exceptions.WebDriverException: Message: An unknown server-side error occurred while processing the command. Original error: Could not proxy command to remote server. Original error: Error: socket hang up"], "reprfuncargs": {"args": [["self", "<appium.webdriver.errorhandler.MobileErrorHandler object at 0x000001B3EAC7C610>"], ["response", "{'status': 500, 'value': '{\"value\":{\"error\":\"unknown error\",\"message\":\"An unknown server-side error occurred while pro...\\\\\\\\app\\\\\\\\node_modules\\\\\\\\appium\\\\\\\\node_modules\\\\\\\\appium-base-driver\\\\\\\\lib\\\\\\\\jsonwp-proxy\\\\\\\\proxy.js:261:13)\"}}'}"]]}, "reprlocals": null, "reprfileloc": {"path": "D:\\Program Files (x86)\\python\\lib\\site-packages\\selenium\\webdriver\\remote\\errorhandler.py", "lineno": 242, "message": "WebDriverException"}, "style": "long"}}], "extraline": null, "style": "long"}, "sections": [], "chain": [[{"reprentries": [{"type": "ReprEntry", "data": {"lines": ["    def click_ele(self,loc):", "        ele = self.get_ele(loc)", "        try:", ">           ele.click()"], "reprfuncargs": {"args": [["self", "<PageObjects.bottom_widget.BottomWidget object at 0x000001B3EAC7C850>"], ["loc", "('-android uiautomator', 'new UiSelector().text(\"\u9879\u76ee\")')"]]}, "reprlocals": null, "reprfileloc": {"path": "Common\\basepage.py", "lineno": 101, "message": ""}, "style": "long"}}, {"type": "ReprEntry", "data": {"lines": ["    def click(self):", "        \"\"\"Clicks the element.\"\"\"", ">       self._execute(Command.CLICK_ELEMENT)"], "reprfuncargs": {"args": [["self", "<appium.webdriver.webelement.WebElement (session=\"5b2079ae-e09f-4a35-8459-1c70765398b7\", element=\"ed5d0c1c-8c91-4f13-bddc-1a64772f777f\")>"]]}, "reprlocals": null, "reprfileloc": {"path": "D:\\Program Files (x86)\\python\\lib\\site-packages\\selenium\\webdriver\\remote\\webelement.py", "lineno": 80, "message": ""}, "style": "long"}}, {"type": "ReprEntry", "data": {"lines": ["    def _execute(self, command, params=None):", "        \"\"\"Executes a command against the underlying HTML element.", "    ", "        Args:", "          command: The name of the command to _execute as a string.", "          params: A dictionary of named parameters to send with the command.", "    ", "        Returns:", "          The command's JSON response loaded into a dictionary object.", "        \"\"\"", "        if not params:", "            params = {}", "        params['id'] = self._id", ">       return self._parent.execute(command, params)"], "reprfuncargs": {"args": [["self", "<appium.webdriver.webelement.WebElement (session=\"5b2079ae-e09f-4a35-8459-1c70765398b7\", element=\"ed5d0c1c-8c91-4f13-bddc-1a64772f777f\")>"], ["command", "'clickElement'"], ["params", "{'id': 'ed5d0c1c-8c91-4f13-bddc-1a64772f777f', 'sessionId': '5b2079ae-e09f-4a35-8459-1c70765398b7'}"]]}, "reprlocals": null, "reprfileloc": {"path": "D:\\Program Files (x86)\\python\\lib\\site-packages\\selenium\\webdriver\\remote\\webelement.py", "lineno": 633, "message": ""}, "style": "long"}}, {"type": "ReprEntry", "data": {"lines": ["    def execute(self, driver_command, params=None):", "        \"\"\"", "        Sends a command to be executed by a command.CommandExecutor.", "    ", "        :Args:", "         - driver_command: The name of the command to execute as a string.", "         - params: A dictionary of named parameters to send with the command.", "    ", "        :Returns:", "          The command's JSON response loaded into a dictionary object.", "        \"\"\"", "        if self.session_id is not None:", "            if not params:", "                params = {'sessionId': self.session_id}", "            elif 'sessionId' not in params:", "                params['sessionId'] = self.session_id", "    ", "        params = self._wrap_value(params)", "        response = self.command_executor.execute(driver_command, params)", "        if response:", ">           self.error_handler.check_response(response)"], "reprfuncargs": {"args": [["self", "<appium.webdriver.webdriver.WebDriver (session=\"5b2079ae-e09f-4a35-8459-1c70765398b7\")>"], ["driver_command", "'clickElement'"], ["params", "{'id': 'ed5d0c1c-8c91-4f13-bddc-1a64772f777f'}"]]}, "reprlocals": null, "reprfileloc": {"path": "D:\\Program Files (x86)\\python\\lib\\site-packages\\selenium\\webdriver\\remote\\webdriver.py", "lineno": 321, "message": ""}, "style": "long"}}, {"type": "ReprEntry", "data": {"lines": ["    def check_response(self, response):", "        try:", "            super(MobileErrorHandler, self).check_response(response)", "        except WebDriverException as wde:", "            if wde.msg == 'No such context found.':", "                raise NoSuchContextException(wde.msg, wde.screen, wde.stacktrace)", "            else:", ">               raise wde"], "reprfuncargs": {"args": [["self", "<appium.webdriver.errorhandler.MobileErrorHandler object at 0x000001B3EAC7C610>"], ["response", "{'status': 500, 'value': '{\"value\":{\"error\":\"unknown error\",\"message\":\"An unknown server-side error occurred while pro...\\\\\\\\app\\\\\\\\node_modules\\\\\\\\appium\\\\\\\\node_modules\\\\\\\\appium-base-driver\\\\\\\\lib\\\\\\\\jsonwp-proxy\\\\\\\\proxy.js:261:13)\"}}'}"]]}, "reprlocals": null, "reprfileloc": {"path": "D:\\Program Files (x86)\\python\\lib\\site-packages\\appium\\webdriver\\errorhandler.py", "lineno": 29, "message": ""}, "style": "long"}}, {"type": "ReprEntry", "data": {"lines": ["    def check_response(self, response):", "        try:", ">           super(MobileErrorHandler, self).check_response(response)"], "reprfuncargs": {"args": [["self", "<appium.webdriver.errorhandler.MobileErrorHandler object at 0x000001B3EAC7C610>"], ["response", "{'status': 500, 'value': '{\"value\":{\"error\":\"unknown error\",\"message\":\"An unknown server-side error occurred while pro...\\\\\\\\app\\\\\\\\node_modules\\\\\\\\appium\\\\\\\\node_modules\\\\\\\\appium-base-driver\\\\\\\\lib\\\\\\\\jsonwp-proxy\\\\\\\\proxy.js:261:13)\"}}'}"]]}, "reprlocals": null, "reprfileloc": {"path": "D:\\Program Files (x86)\\python\\lib\\site-packages\\appium\\webdriver\\errorhandler.py", "lineno": 24, "message": ""}, "style": "long"}}, {"type": "ReprEntry", "data": {"lines": ["    def check_response(self, response):", "        \"\"\"", "        Checks that a JSON response from the WebDriver does not have an error.", "    ", "        :Args:", "         - response - The JSON response from the WebDriver server as a dictionary", "           object.", "    ", "        :Raises: If the response contains an error message.", "        \"\"\"", "        status = response.get('status', None)", "        if status is None or status == ErrorCode.SUCCESS:", "            return", "        value = None", "        message = response.get(\"message\", \"\")", "        screen = response.get(\"screen\", \"\")", "        stacktrace = None", "        if isinstance(status, int):", "            value_json = response.get('value', None)", "            if value_json and isinstance(value_json, basestring):", "                import json", "                try:", "                    value = json.loads(value_json)", "                    if len(value.keys()) == 1:", "                        value = value['value']", "                    status = value.get('error', None)", "                    if status is None:", "                        status = value[\"status\"]", "                        message = value[\"value\"]", "                        if not isinstance(message, basestring):", "                            value = message", "                            message = message.get('message')", "                    else:", "                        message = value.get('message', None)", "                except ValueError:", "                    pass", "    ", "        exception_class = ErrorInResponseException", "        if status in ErrorCode.NO_SUCH_ELEMENT:", "            exception_class = NoSuchElementException", "        elif status in ErrorCode.NO_SUCH_FRAME:", "            exception_class = NoSuchFrameException", "        elif status in ErrorCode.NO_SUCH_WINDOW:", "            exception_class = NoSuchWindowException", "        elif status in ErrorCode.STALE_ELEMENT_REFERENCE:", "            exception_class = StaleElementReferenceException", "        elif status in ErrorCode.ELEMENT_NOT_VISIBLE:", "            exception_class = ElementNotVisibleException", "        elif status in ErrorCode.INVALID_ELEMENT_STATE:", "            exception_class = InvalidElementStateException", "        elif status in ErrorCode.INVALID_SELECTOR \\", "                or status in ErrorCode.INVALID_XPATH_SELECTOR \\", "                or status in ErrorCode.INVALID_XPATH_SELECTOR_RETURN_TYPER:", "            exception_class = InvalidSelectorException", "        elif status in ErrorCode.ELEMENT_IS_NOT_SELECTABLE:", "            exception_class = ElementNotSelectableException", "        elif status in ErrorCode.ELEMENT_NOT_INTERACTABLE:", "            exception_class = ElementNotInteractableException", "        elif status in ErrorCode.INVALID_COOKIE_DOMAIN:", "            exception_class = InvalidCookieDomainException", "        elif status in ErrorCode.UNABLE_TO_SET_COOKIE:", "            exception_class = UnableToSetCookieException", "        elif status in ErrorCode.TIMEOUT:", "            exception_class = TimeoutException", "        elif status in ErrorCode.SCRIPT_TIMEOUT:", "            exception_class = TimeoutException", "        elif status in ErrorCode.UNKNOWN_ERROR:", "            exception_class = WebDriverException", "        elif status in ErrorCode.UNEXPECTED_ALERT_OPEN:", "            exception_class = UnexpectedAlertPresentException", "        elif status in ErrorCode.NO_ALERT_OPEN:", "            exception_class = NoAlertPresentException", "        elif status in ErrorCode.IME_NOT_AVAILABLE:", "            exception_class = ImeNotAvailableException", "        elif status in ErrorCode.IME_ENGINE_ACTIVATION_FAILED:", "            exception_class = ImeActivationFailedException", "        elif status in ErrorCode.MOVE_TARGET_OUT_OF_BOUNDS:", "            exception_class = MoveTargetOutOfBoundsException", "        elif status in ErrorCode.JAVASCRIPT_ERROR:", "            exception_class = JavascriptException", "        elif status in ErrorCode.SESSION_NOT_CREATED:", "            exception_class = SessionNotCreatedException", "        elif status in ErrorCode.INVALID_ARGUMENT:", "            exception_class = InvalidArgumentException", "        elif status in ErrorCode.NO_SUCH_COOKIE:", "            exception_class = NoSuchCookieException", "        elif status in ErrorCode.UNABLE_TO_CAPTURE_SCREEN:", "            exception_class = ScreenshotException", "        elif status in ErrorCode.ELEMENT_CLICK_INTERCEPTED:", "            exception_class = ElementClickInterceptedException", "        elif status in ErrorCode.INSECURE_CERTIFICATE:", "            exception_class = InsecureCertificateException", "        elif status in ErrorCode.INVALID_COORDINATES:", "            exception_class = InvalidCoordinatesException", "        elif status in ErrorCode.INVALID_SESSION_ID:", "            exception_class = InvalidSessionIdException", "        elif status in ErrorCode.UNKNOWN_METHOD:", "            exception_class = UnknownMethodException", "        else:", "            exception_class = WebDriverException", "        if value == '' or value is None:", "            value = response['value']", "        if isinstance(value, basestring):", "            if exception_class == ErrorInResponseException:", "                raise exception_class(response, value)", "            raise exception_class(value)", "        if message == \"\" and 'message' in value:", "            message = value['message']", "    ", "        screen = None", "        if 'screen' in value:", "            screen = value['screen']", "    ", "        stacktrace = None", "        if 'stackTrace' in value and value['stackTrace']:", "            stacktrace = []", "            try:", "                for frame in value['stackTrace']:", "                    line = self._value_or_default(frame, 'lineNumber', '')", "                    file = self._value_or_default(frame, 'fileName', '<anonymous>')", "                    if line:", "                        file = \"%s:%s\" % (file, line)", "                    meth = self._value_or_default(frame, 'methodName', '<anonymous>')", "                    if 'className' in frame:", "                        meth = \"%s.%s\" % (frame['className'], meth)", "                    msg = \"    at %s (%s)\"", "                    msg = msg % (meth, file)", "                    stacktrace.append(msg)", "            except TypeError:", "                pass", "        if exception_class == ErrorInResponseException:", "            raise exception_class(response, message)", "        elif exception_class == UnexpectedAlertPresentException:", "            alert_text = None", "            if 'data' in value:", "                alert_text = value['data'].get('text')", "            elif 'alert' in value:", "                alert_text = value['alert'].get('text')", "            raise exception_class(message, screen, stacktrace, alert_text)", ">       raise exception_class(message, screen, stacktrace)", "E       selenium.common.exceptions.WebDriverException: Message: An unknown server-side error occurred while processing the command. Original error: Could not proxy command to remote server. Original error: Error: socket hang up"], "reprfuncargs": {"args": [["self", "<appium.webdriver.errorhandler.MobileErrorHandler object at 0x000001B3EAC7C610>"], ["response", "{'status': 500, 'value': '{\"value\":{\"error\":\"unknown error\",\"message\":\"An unknown server-side error occurred while pro...\\\\\\\\app\\\\\\\\node_modules\\\\\\\\appium\\\\\\\\node_modules\\\\\\\\appium-base-driver\\\\\\\\lib\\\\\\\\jsonwp-proxy\\\\\\\\proxy.js:261:13)\"}}'}"]]}, "reprlocals": null, "reprfileloc": {"path": "D:\\Program Files (x86)\\python\\lib\\site-packages\\selenium\\webdriver\\remote\\errorhandler.py", "lineno": 242, "message": "WebDriverException"}, "style": "long"}}], "extraline": null, "style": "long"}, {"path": "D:\\Program Files (x86)\\python\\lib\\site-packages\\selenium\\webdriver\\remote\\errorhandler.py", "lineno": 242, "message": "selenium.common.exceptions.WebDriverException: Message: An unknown server-side error occurred while processing the command. Original error: Could not proxy command to remote server. Original error: Error: socket hang up"}, "During handling of the above exception, another exception occurred:"], [{"reprentries": [{"type": "ReprEntry", "data": {"lines": ["    @pytest.mark.testinvest", "    @pytest.mark.parametrize('testdatas',GetTestDatas().get_testdatas()['invest_wrong'])", "    @pytest.mark.parametrize('logindata',GetTestDatas().get_testdatas()['login_success'])", "    def test_invest_worng(self,init_class_keep_toast,init_session,testdatas,logindata):", "        '''", "        \u524d\u63d0:\u5df2\u767b\u5f55\u72b6\u6001", "        1.\u8fdb\u5165\u5230\"\u9879\u76ee\"\u9875\u7b7e", "        2.\u70b9\u51fb\u53ef\u6295\u8d44\u7684\u9879\u76ee", "        3.\u8f93\u5165\u6295\u8d44\u91d1\u989d", "        4.\u70b9\u51fb\u6295\u6807\u6309\u94ae", "        5.\u786e\u8ba4toast\u9519\u8bef\u63d0\u793a", "        '''", "        name = '\u6295\u6807\u64cd\u4f5c'", "        #\u5224\u5b9a\u662f\u5426\u5df2\u767b\u5f55,\u82e5\u672a\u767b\u5f55,\u5219\u6267\u884c\u767b\u5f55\u64cd\u4f5c", "        if IndexPage(init_class_keep_toast,init_session,name).visiable_login_btn():", "            init_session.info('app\u5904\u4e8e\u672a\u767b\u5f55\u72b6\u6001,\u8fdb\u884c\u8d26\u53f7\u767b\u5f55!')", "            name1 = '\u524d\u63d0:\u767b\u5f55\u72b6\u6001'", "            self.prepare_login(init_class_keep_toast,init_session,name1,logindata)", "        if BottomWidget(init_class_keep_toast,init_session,name).visiable_bottom_widget('\u9879\u76ee'):", ">           BottomWidget(init_class_keep_toast,init_session,name).switch_bottom_widget('\u9879\u76ee')"], "reprfuncargs": {"args": [["self", "<AppFramework.TestCases.test_2_invest.TestInvest object at 0x000001B3EAC3D340>"], ["init_class_keep_toast", "<appium.webdriver.webdriver.WebDriver (session=\"5b2079ae-e09f-4a35-8459-1c70765398b7\")>"], ["init_session", "<module 'logging' from 'D:\\\\Program Files (x86)\\\\python\\\\lib\\\\logging\\\\__init__.py'>"], ["testdatas", "{'ammount': 0, 'msg': '\u6700\u5c0f\u6295\u8d44\u91d1\u989d\u4e3a:100.0'}"], ["logindata", "{'pwd': 'python', 'tele': 18684720553}"]]}, "reprlocals": null, "reprfileloc": {"path": "TestCases\\test_2_invest.py", "lineno": 55, "message": ""}, "style": "long"}}, {"type": "ReprEntry", "data": {"lines": ["    self.click_ele(loc)"], "reprfuncargs": null, "reprlocals": null, "reprfileloc": {"path": "PageObjects\\bottom_widget.py", "lineno": 18, "message": "in switch_bottom_widget"}, "style": "short"}}, {"type": "ReprEntry", "data": {"lines": ["    self.imgs_screenshot()"], "reprfuncargs": null, "reprlocals": null, "reprfileloc": {"path": "Common\\basepage.py", "lineno": 104, "message": "in click_ele"}, "style": "short"}}, {"type": "ReprEntry", "data": {"lines": ["    raise e"], "reprfuncargs": null, "reprlocals": null, "reprfileloc": {"path": "Common\\basepage.py", "lineno": 130, "message": "in imgs_screenshot"}, "style": "short"}}, {"type": "ReprEntry", "data": {"lines": ["    self.driver.save_screenshot(pic_path)"], "reprfuncargs": null, "reprlocals": null, "reprfileloc": {"path": "Common\\basepage.py", "lineno": 126, "message": "in imgs_screenshot"}, "style": "short"}}, {"type": "ReprEntry", "data": {"lines": ["    return self.get_screenshot_as_file(filename)"], "reprfuncargs": null, "reprlocals": null, "reprfileloc": {"path": "D:\\Program Files (x86)\\python\\lib\\site-packages\\selenium\\webdriver\\remote\\webdriver.py", "lineno": 1055, "message": "in save_screenshot"}, "style": "short"}}, {"type": "ReprEntry", "data": {"lines": ["    png = self.get_screenshot_as_png()"], "reprfuncargs": null, "reprlocals": null, "reprfileloc": {"path": "D:\\Program Files (x86)\\python\\lib\\site-packages\\selenium\\webdriver\\remote\\webdriver.py", "lineno": 1032, "message": "in get_screenshot_as_file"}, "style": "short"}}, {"type": "ReprEntry", "data": {"lines": ["    return base64.b64decode(self.get_screenshot_as_base64().encode('ascii'))"], "reprfuncargs": null, "reprlocals": null, "reprfileloc": {"path": "D:\\Program Files (x86)\\python\\lib\\site-packages\\selenium\\webdriver\\remote\\webdriver.py", "lineno": 1064, "message": "in get_screenshot_as_png"}, "style": "short"}}, {"type": "ReprEntry", "data": {"lines": ["    return self.execute(Command.SCREENSHOT)['value']"], "reprfuncargs": null, "reprlocals": null, "reprfileloc": {"path": "D:\\Program Files (x86)\\python\\lib\\site-packages\\selenium\\webdriver\\remote\\webdriver.py", "lineno": 1074, "message": "in get_screenshot_as_base64"}, "style": "short"}}, {"type": "ReprEntry", "data": {"lines": ["    self.error_handler.check_response(response)"], "reprfuncargs": null, "reprlocals": null, "reprfileloc": {"path": "D:\\Program Files (x86)\\python\\lib\\site-packages\\selenium\\webdriver\\remote\\webdriver.py", "lineno": 321, "message": "in execute"}, "style": "short"}}, {"type": "ReprEntry", "data": {"lines": ["    raise wde"], "reprfuncargs": null, "reprlocals": null, "reprfileloc": {"path": "D:\\Program Files (x86)\\python\\lib\\site-packages\\appium\\webdriver\\errorhandler.py", "lineno": 29, "message": "in check_response"}, "style": "short"}}, {"type": "ReprEntry", "data": {"lines": ["    super(MobileErrorHandler, self).check_response(response)"], "reprfuncargs": null, "reprlocals": null, "reprfileloc": {"path": "D:\\Program Files (x86)\\python\\lib\\site-packages\\appium\\webdriver\\errorhandler.py", "lineno": 24, "message": "in check_response"}, "style": "short"}}, {"type": "ReprEntry", "data": {"lines": ["    def check_response(self, response):", "        \"\"\"", "        Checks that a JSON response from the WebDriver does not have an error.", "    ", "        :Args:", "         - response - The JSON response from the WebDriver server as a dictionary", "           object.", "    ", "        :Raises: If the response contains an error message.", "        \"\"\"", "        status = response.get('status', None)", "        if status is None or status == ErrorCode.SUCCESS:", "            return", "        value = None", "        message = response.get(\"message\", \"\")", "        screen = response.get(\"screen\", \"\")", "        stacktrace = None", "        if isinstance(status, int):", "            value_json = response.get('value', None)", "            if value_json and isinstance(value_json, basestring):", "                import json", "                try:", "                    value = json.loads(value_json)", "                    if len(value.keys()) == 1:", "                        value = value['value']", "                    status = value.get('error', None)", "                    if status is None:", "                        status = value[\"status\"]", "                        message = value[\"value\"]", "                        if not isinstance(message, basestring):", "                            value = message", "                            message = message.get('message')", "                    else:", "                        message = value.get('message', None)", "                except ValueError:", "                    pass", "    ", "        exception_class = ErrorInResponseException", "        if status in ErrorCode.NO_SUCH_ELEMENT:", "            exception_class = NoSuchElementException", "        elif status in ErrorCode.NO_SUCH_FRAME:", "            exception_class = NoSuchFrameException", "        elif status in ErrorCode.NO_SUCH_WINDOW:", "            exception_class = NoSuchWindowException", "        elif status in ErrorCode.STALE_ELEMENT_REFERENCE:", "            exception_class = StaleElementReferenceException", "        elif status in ErrorCode.ELEMENT_NOT_VISIBLE:", "            exception_class = ElementNotVisibleException", "        elif status in ErrorCode.INVALID_ELEMENT_STATE:", "            exception_class = InvalidElementStateException", "        elif status in ErrorCode.INVALID_SELECTOR \\", "                or status in ErrorCode.INVALID_XPATH_SELECTOR \\", "                or status in ErrorCode.INVALID_XPATH_SELECTOR_RETURN_TYPER:", "            exception_class = InvalidSelectorException", "        elif status in ErrorCode.ELEMENT_IS_NOT_SELECTABLE:", "            exception_class = ElementNotSelectableException", "        elif status in ErrorCode.ELEMENT_NOT_INTERACTABLE:", "            exception_class = ElementNotInteractableException", "        elif status in ErrorCode.INVALID_COOKIE_DOMAIN:", "            exception_class = InvalidCookieDomainException", "        elif status in ErrorCode.UNABLE_TO_SET_COOKIE:", "            exception_class = UnableToSetCookieException", "        elif status in ErrorCode.TIMEOUT:", "            exception_class = TimeoutException", "        elif status in ErrorCode.SCRIPT_TIMEOUT:", "            exception_class = TimeoutException", "        elif status in ErrorCode.UNKNOWN_ERROR:", "            exception_class = WebDriverException", "        elif status in ErrorCode.UNEXPECTED_ALERT_OPEN:", "            exception_class = UnexpectedAlertPresentException", "        elif status in ErrorCode.NO_ALERT_OPEN:", "            exception_class = NoAlertPresentException", "        elif status in ErrorCode.IME_NOT_AVAILABLE:", "            exception_class = ImeNotAvailableException", "        elif status in ErrorCode.IME_ENGINE_ACTIVATION_FAILED:", "            exception_class = ImeActivationFailedException", "        elif status in ErrorCode.MOVE_TARGET_OUT_OF_BOUNDS:", "            exception_class = MoveTargetOutOfBoundsException", "        elif status in ErrorCode.JAVASCRIPT_ERROR:", "            exception_class = JavascriptException", "        elif status in ErrorCode.SESSION_NOT_CREATED:", "            exception_class = SessionNotCreatedException", "        elif status in ErrorCode.INVALID_ARGUMENT:", "            exception_class = InvalidArgumentException", "        elif status in ErrorCode.NO_SUCH_COOKIE:", "            exception_class = NoSuchCookieException", "        elif status in ErrorCode.UNABLE_TO_CAPTURE_SCREEN:", "            exception_class = ScreenshotException", "        elif status in ErrorCode.ELEMENT_CLICK_INTERCEPTED:", "            exception_class = ElementClickInterceptedException", "        elif status in ErrorCode.INSECURE_CERTIFICATE:", "            exception_class = InsecureCertificateException", "        elif status in ErrorCode.INVALID_COORDINATES:", "            exception_class = InvalidCoordinatesException", "        elif status in ErrorCode.INVALID_SESSION_ID:", "            exception_class = InvalidSessionIdException", "        elif status in ErrorCode.UNKNOWN_METHOD:", "            exception_class = UnknownMethodException", "        else:", "            exception_class = WebDriverException", "        if value == '' or value is None:", "            value = response['value']", "        if isinstance(value, basestring):", "            if exception_class == ErrorInResponseException:", "                raise exception_class(response, value)", "            raise exception_class(value)", "        if message == \"\" and 'message' in value:", "            message = value['message']", "    ", "        screen = None", "        if 'screen' in value:", "            screen = value['screen']", "    ", "        stacktrace = None", "        if 'stackTrace' in value and value['stackTrace']:", "            stacktrace = []", "            try:", "                for frame in value['stackTrace']:", "                    line = self._value_or_default(frame, 'lineNumber', '')", "                    file = self._value_or_default(frame, 'fileName', '<anonymous>')", "                    if line:", "                        file = \"%s:%s\" % (file, line)", "                    meth = self._value_or_default(frame, 'methodName', '<anonymous>')", "                    if 'className' in frame:", "                        meth = \"%s.%s\" % (frame['className'], meth)", "                    msg = \"    at %s (%s)\"", "                    msg = msg % (meth, file)", "                    stacktrace.append(msg)", "            except TypeError:", "                pass", "        if exception_class == ErrorInResponseException:", "            raise exception_class(response, message)", "        elif exception_class == UnexpectedAlertPresentException:", "            alert_text = None", "            if 'data' in value:", "                alert_text = value['data'].get('text')", "            elif 'alert' in value:", "                alert_text = value['alert'].get('text')", "            raise exception_class(message, screen, stacktrace, alert_text)", ">       raise exception_class(message, screen, stacktrace)", "E       selenium.common.exceptions.WebDriverException: Message: An unknown server-side error occurred while processing the command. Original error: Could not proxy command to remote server. Original error: Error: socket hang up"], "reprfuncargs": {"args": [["self", "<appium.webdriver.errorhandler.MobileErrorHandler object at 0x000001B3EAC7C610>"], ["response", "{'status': 500, 'value': '{\"value\":{\"error\":\"unknown error\",\"message\":\"An unknown server-side error occurred while pro...\\\\\\\\app\\\\\\\\node_modules\\\\\\\\appium\\\\\\\\node_modules\\\\\\\\appium-base-driver\\\\\\\\lib\\\\\\\\jsonwp-proxy\\\\\\\\proxy.js:261:13)\"}}'}"]]}, "reprlocals": null, "reprfileloc": {"path": "D:\\Program Files (x86)\\python\\lib\\site-packages\\selenium\\webdriver\\remote\\errorhandler.py", "lineno": 242, "message": "WebDriverException"}, "style": "long"}}], "extraline": null, "style": "long"}, {"path": "D:\\Program Files (x86)\\python\\lib\\site-packages\\selenium\\webdriver\\remote\\errorhandler.py", "lineno": 242, "message": "selenium.common.exceptions.WebDriverException: Message: An unknown server-side error occurred while processing the command. Original error: Could not proxy command to remote server. Original error: Error: socket hang up"}, null]]}, "when": "call", "user_properties": [], "sections": [["Captured log setup", "\u001b[32mINFO    \u001b[0m root:conftest.py:65 xxxxxxx"], ["Captured log call", "\u001b[32mINFO    \u001b[0m root:bottom_widget.py:15 \u5207\u6362\u5230\u9875\u9762\u9996\u9875\n\u001b[32mINFO    \u001b[0m root:basepage.py:38 \u5143\u7d20('-android uiautomator', 'new UiSelector().text(\"\u9996\u9875\")')\u67e5\u627e\u6210\u529f\uff0c\u8017\u65f60.7320003509521484s\n\u001b[32mINFO    \u001b[0m root:basepage.py:38 \u5143\u7d20('-android uiautomator', 'new UiSelector().text(\"\u9996\u9875\")')\u67e5\u627e\u6210\u529f\uff0c\u8017\u65f60.08881568908691406s\n\u001b[32mINFO    \u001b[0m root:basepage.py:56 \u5143\u7d20('-android uiautomator', 'new UiSelector().text(\"\u9996\u9875\")')\u67e5\u627e\u6210\u529f\uff01\n\u001b[32mINFO    \u001b[0m root:basepage.py:102 \u5143\u7d20('-android uiautomator', 'new UiSelector().text(\"\u9996\u9875\")')\u6210\u529f\u70b9\u51fb!\n\u001b[32mINFO    \u001b[0m root:test_2_invest.py:51 app\u5904\u4e8e\u672a\u767b\u5f55\u72b6\u6001,\u8fdb\u884c\u8d26\u53f7\u767b\u5f55!\n\u001b[32mINFO    \u001b[0m root:test_2_invest.py:20 \u524d\u63d0:\u767b\u5f55\u72b6\u6001\n\u001b[32mINFO    \u001b[0m root:bottom_widget.py:15 \u5207\u6362\u5230\u9875\u9762\u6211\n\u001b[32mINFO    \u001b[0m root:basepage.py:38 \u5143\u7d20('-android uiautomator', 'new UiSelector().text(\"\u6211\")')\u67e5\u627e\u6210\u529f\uff0c\u8017\u65f60.07124853134155273s\n\u001b[32mINFO    \u001b[0m root:basepage.py:38 \u5143\u7d20('-android uiautomator', 'new UiSelector().text(\"\u6211\")')\u67e5\u627e\u6210\u529f\uff0c\u8017\u65f60.0780789852142334s\n\u001b[32mINFO    \u001b[0m root:basepage.py:56 \u5143\u7d20('-android uiautomator', 'new UiSelector().text(\"\u6211\")')\u67e5\u627e\u6210\u529f\uff01\n\u001b[32mINFO    \u001b[0m root:basepage.py:102 \u5143\u7d20('-android uiautomator', 'new UiSelector().text(\"\u6211\")')\u6210\u529f\u70b9\u51fb!\n\u001b[32mINFO    \u001b[0m root:basepage.py:38 \u5143\u7d20('id', 'com.xxzb.fenwoo:id/et_phone')\u67e5\u627e\u6210\u529f\uff0c\u8017\u65f61.696359634399414s\n\u001b[32mINFO    \u001b[0m root:basepage.py:38 \u5143\u7d20('id', 'com.xxzb.fenwoo:id/et_phone')\u67e5\u627e\u6210\u529f\uff0c\u8017\u65f60.07417845726013184s\n\u001b[32mINFO    \u001b[0m root:basepage.py:56 \u5143\u7d20('id', 'com.xxzb.fenwoo:id/et_phone')\u67e5\u627e\u6210\u529f\uff01\n\u001b[32mINFO    \u001b[0m root:basepage.py:81 \u5143\u7d20('id', 'com.xxzb.fenwoo:id/et_phone')\u6210\u529f\u8f93\u516518684720553\n\u001b[32mINFO    \u001b[0m root:basepage.py:38 \u5143\u7d20('id', 'com.xxzb.fenwoo:id/btn_next_step')\u67e5\u627e\u6210\u529f\uff0c\u8017\u65f60.8763768672943115s\n\u001b[32mINFO    \u001b[0m root:basepage.py:56 \u5143\u7d20('id', 'com.xxzb.fenwoo:id/btn_next_step')\u67e5\u627e\u6210\u529f\uff01\n\u001b[32mINFO    \u001b[0m root:basepage.py:102 \u5143\u7d20('id', 'com.xxzb.fenwoo:id/btn_next_step')\u6210\u529f\u70b9\u51fb!\n\u001b[32mINFO    \u001b[0m root:basepage.py:38 \u5143\u7d20('id', 'com.xxzb.fenwoo:id/et_pwd')\u67e5\u627e\u6210\u529f\uff0c\u8017\u65f62.144521713256836s\n\u001b[32mINFO    \u001b[0m root:basepage.py:38 \u5143\u7d20('id', 'com.xxzb.fenwoo:id/et_pwd')\u67e5\u627e\u6210\u529f\uff0c\u8017\u65f60.060512542724609375s\n\u001b[32mINFO    \u001b[0m root:basepage.py:56 \u5143\u7d20('id', 'com.xxzb.fenwoo:id/et_pwd')\u67e5\u627e\u6210\u529f\uff01\n\u001b[32mINFO    \u001b[0m root:basepage.py:81 \u5143\u7d20('id', 'com.xxzb.fenwoo:id/et_pwd')\u6210\u529f\u8f93\u5165python\n\u001b[32mINFO    \u001b[0m root:basepage.py:38 \u5143\u7d20('id', 'com.xxzb.fenwoo:id/btn_next_step')\u67e5\u627e\u6210\u529f\uff0c\u8017\u65f61.087752103805542s\n\u001b[32mINFO    \u001b[0m root:basepage.py:56 \u5143\u7d20('id', 'com.xxzb.fenwoo:id/btn_next_step')\u67e5\u627e\u6210\u529f\uff01\n\u001b[32mINFO    \u001b[0m root:basepage.py:102 \u5143\u7d20('id', 'com.xxzb.fenwoo:id/btn_next_step')\u6210\u529f\u70b9\u51fb!\n\u001b[32mINFO    \u001b[0m root:bottom_widget.py:15 \u5207\u6362\u5230\u9875\u9762\u9996\u9875\n\u001b[32mINFO    \u001b[0m root:basepage.py:38 \u5143\u7d20('-android uiautomator', 'new UiSelector().text(\"\u9996\u9875\")')\u67e5\u627e\u6210\u529f\uff0c\u8017\u65f60.0985710620880127s\n\u001b[32mINFO    \u001b[0m root:basepage.py:38 \u5143\u7d20('-android uiautomator', 'new UiSelector().text(\"\u9996\u9875\")')\u67e5\u627e\u6210\u529f\uff0c\u8017\u65f60.06148886680603027s\n\u001b[32mINFO    \u001b[0m root:basepage.py:56 \u5143\u7d20('-android uiautomator', 'new UiSelector().text(\"\u9996\u9875\")')\u67e5\u627e\u6210\u529f\uff01\n\u001b[32mINFO    \u001b[0m root:basepage.py:102 \u5143\u7d20('-android uiautomator', 'new UiSelector().text(\"\u9996\u9875\")')\u6210\u529f\u70b9\u51fb!\n\u001b[32mINFO    \u001b[0m root:test_2_invest.py:30 \u786e\u8ba4\u767b\u5f55\u6210\u529f!\n\u001b[32mINFO    \u001b[0m root:bottom_widget.py:15 \u5207\u6362\u5230\u9875\u9762\u9879\u76ee\n\u001b[32mINFO    \u001b[0m root:basepage.py:38 \u5143\u7d20('-android uiautomator', 'new UiSelector().text(\"\u9879\u76ee\")')\u67e5\u627e\u6210\u529f\uff0c\u8017\u65f60.0771036148071289s\n\u001b[32mINFO    \u001b[0m root:basepage.py:38 \u5143\u7d20('-android uiautomator', 'new UiSelector().text(\"\u9879\u76ee\")')\u67e5\u627e\u6210\u529f\uff0c\u8017\u65f60.06102347373962402s\n\u001b[32mINFO    \u001b[0m root:basepage.py:56 \u5143\u7d20('-android uiautomator', 'new UiSelector().text(\"\u9879\u76ee\")')\u67e5\u627e\u6210\u529f\uff01\n\u001b[31m\u001b[1mERROR   \u001b[0m root:basepage.py:129 \u622a\u56fe\u5931\u8d25!\nTraceback (most recent call last):\n  File \"d:\\python\\mystudy\\AppFramework\\Common\\basepage.py\", line 101, in click_ele\n    ele.click()\n  File \"D:\\Program Files (x86)\\python\\lib\\site-packages\\selenium\\webdriver\\remote\\webelement.py\", line 80, in click\n    self._execute(Command.CLICK_ELEMENT)\n  File \"D:\\Program Files (x86)\\python\\lib\\site-packages\\selenium\\webdriver\\remote\\webelement.py\", line 633, in _execute\n    return self._parent.execute(command, params)\n  File \"D:\\Program Files (x86)\\python\\lib\\site-packages\\selenium\\webdriver\\remote\\webdriver.py\", line 321, in execute\n    self.error_handler.check_response(response)\n  File \"D:\\Program Files (x86)\\python\\lib\\site-packages\\appium\\webdriver\\errorhandler.py\", line 29, in check_response\n    raise wde\n  File \"D:\\Program Files (x86)\\python\\lib\\site-packages\\appium\\webdriver\\errorhandler.py\", line 24, in check_response\n    super(MobileErrorHandler, self).check_response(response)\n  File \"D:\\Program Files (x86)\\python\\lib\\site-packages\\selenium\\webdriver\\remote\\errorhandler.py\", line 242, in check_response\n    raise exception_class(message, screen, stacktrace)\nselenium.common.exceptions.WebDriverException: Message: An unknown server-side error occurred while processing the command. Original error: Could not proxy command to remote server. Original error: Error: socket hang up\n\n\nDuring handling of the above exception, another exception occurred:\n\nTraceback (most recent call last):\n  File \"d:\\python\\mystudy\\AppFramework\\Common\\basepage.py\", line 126, in imgs_screenshot\n    self.driver.save_screenshot(pic_path)\n  File \"D:\\Program Files (x86)\\python\\lib\\site-packages\\selenium\\webdriver\\remote\\webdriver.py\", line 1055, in save_screenshot\n    return self.get_screenshot_as_file(filename)\n  File \"D:\\Program Files (x86)\\python\\lib\\site-packages\\selenium\\webdriver\\remote\\webdriver.py\", line 1032, in get_screenshot_as_file\n    png = self.get_screenshot_as_png()\n  File \"D:\\Program Files (x86)\\python\\lib\\site-packages\\selenium\\webdriver\\remote\\webdriver.py\", line 1064, in get_screenshot_as_png\n    return base64.b64decode(self.get_screenshot_as_base64().encode('ascii'))\n  File \"D:\\Program Files (x86)\\python\\lib\\site-packages\\selenium\\webdriver\\remote\\webdriver.py\", line 1074, in get_screenshot_as_base64\n    return self.execute(Command.SCREENSHOT)['value']\n  File \"D:\\Program Files (x86)\\python\\lib\\site-packages\\selenium\\webdriver\\remote\\webdriver.py\", line 321, in execute\n    self.error_handler.check_response(response)\n  File \"D:\\Program Files (x86)\\python\\lib\\site-packages\\appium\\webdriver\\errorhandler.py\", line 29, in check_response\n    raise wde\n  File \"D:\\Program Files (x86)\\python\\lib\\site-packages\\appium\\webdriver\\errorhandler.py\", line 24, in check_response\n    super(MobileErrorHandler, self).check_response(response)\n  File \"D:\\Program Files (x86)\\python\\lib\\site-packages\\selenium\\webdriver\\remote\\errorhandler.py\", line 242, in check_response\n    raise exception_class(message, screen, stacktrace)\nselenium.common.exceptions.WebDriverException: Message: An unknown server-side error occurred while processing the command. Original error: Could not proxy command to remote server. Original error: Error: socket hang up"]], "duration": 27.35097026824951, "_report_type": "TestReport"}
{"nodeid": "TestCases/test_2_invest.py::TestInvest::test_invest_worng[logindata0-testdatas0]", "location": ["TestCases\\test_2_invest.py", 35, "TestInvest.test_invest_worng[logindata0-testdatas0]"], "keywords": {"test_2_invest.py": 1, "logindata0-testdatas0": 1, "TestInvest": 1, "TestCases/__init__.py": 1, "AppFramework": 1, "()": 1, "usefixtures": 1, "test_invest_worng[logindata0-testdatas0]": 1, "parametrize": 1, "pytestmark": 1, "testinvest": 1}, "outcome": "passed", "longrepr": null, "when": "teardown", "user_properties": [], "sections": [["Captured log setup", "\u001b[32mINFO    \u001b[0m root:conftest.py:65 xxxxxxx"], ["Captured log call", "\u001b[32mINFO    \u001b[0m root:bottom_widget.py:15 \u5207\u6362\u5230\u9875\u9762\u9996\u9875\n\u001b[32mINFO    \u001b[0m root:basepage.py:38 \u5143\u7d20('-android uiautomator', 'new UiSelector().text(\"\u9996\u9875\")')\u67e5\u627e\u6210\u529f\uff0c\u8017\u65f60.7320003509521484s\n\u001b[32mINFO    \u001b[0m root:basepage.py:38 \u5143\u7d20('-android uiautomator', 'new UiSelector().text(\"\u9996\u9875\")')\u67e5\u627e\u6210\u529f\uff0c\u8017\u65f60.08881568908691406s\n\u001b[32mINFO    \u001b[0m root:basepage.py:56 \u5143\u7d20('-android uiautomator', 'new UiSelector().text(\"\u9996\u9875\")')\u67e5\u627e\u6210\u529f\uff01\n\u001b[32mINFO    \u001b[0m root:basepage.py:102 \u5143\u7d20('-android uiautomator', 'new UiSelector().text(\"\u9996\u9875\")')\u6210\u529f\u70b9\u51fb!\n\u001b[32mINFO    \u001b[0m root:test_2_invest.py:51 app\u5904\u4e8e\u672a\u767b\u5f55\u72b6\u6001,\u8fdb\u884c\u8d26\u53f7\u767b\u5f55!\n\u001b[32mINFO    \u001b[0m root:test_2_invest.py:20 \u524d\u63d0:\u767b\u5f55\u72b6\u6001\n\u001b[32mINFO    \u001b[0m root:bottom_widget.py:15 \u5207\u6362\u5230\u9875\u9762\u6211\n\u001b[32mINFO    \u001b[0m root:basepage.py:38 \u5143\u7d20('-android uiautomator', 'new UiSelector().text(\"\u6211\")')\u67e5\u627e\u6210\u529f\uff0c\u8017\u65f60.07124853134155273s\n\u001b[32mINFO    \u001b[0m root:basepage.py:38 \u5143\u7d20('-android uiautomator', 'new UiSelector().text(\"\u6211\")')\u67e5\u627e\u6210\u529f\uff0c\u8017\u65f60.0780789852142334s\n\u001b[32mINFO    \u001b[0m root:basepage.py:56 \u5143\u7d20('-android uiautomator', 'new UiSelector().text(\"\u6211\")')\u67e5\u627e\u6210\u529f\uff01\n\u001b[32mINFO    \u001b[0m root:basepage.py:102 \u5143\u7d20('-android uiautomator', 'new UiSelector().text(\"\u6211\")')\u6210\u529f\u70b9\u51fb!\n\u001b[32mINFO    \u001b[0m root:basepage.py:38 \u5143\u7d20('id', 'com.xxzb.fenwoo:id/et_phone')\u67e5\u627e\u6210\u529f\uff0c\u8017\u65f61.696359634399414s\n\u001b[32mINFO    \u001b[0m root:basepage.py:38 \u5143\u7d20('id', 'com.xxzb.fenwoo:id/et_phone')\u67e5\u627e\u6210\u529f\uff0c\u8017\u65f60.07417845726013184s\n\u001b[32mINFO    \u001b[0m root:basepage.py:56 \u5143\u7d20('id', 'com.xxzb.fenwoo:id/et_phone')\u67e5\u627e\u6210\u529f\uff01\n\u001b[32mINFO    \u001b[0m root:basepage.py:81 \u5143\u7d20('id', 'com.xxzb.fenwoo:id/et_phone')\u6210\u529f\u8f93\u516518684720553\n\u001b[32mINFO    \u001b[0m root:basepage.py:38 \u5143\u7d20('id', 'com.xxzb.fenwoo:id/btn_next_step')\u67e5\u627e\u6210\u529f\uff0c\u8017\u65f60.8763768672943115s\n\u001b[32mINFO    \u001b[0m root:basepage.py:56 \u5143\u7d20('id', 'com.xxzb.fenwoo:id/btn_next_step')\u67e5\u627e\u6210\u529f\uff01\n\u001b[32mINFO    \u001b[0m root:basepage.py:102 \u5143\u7d20('id', 'com.xxzb.fenwoo:id/btn_next_step')\u6210\u529f\u70b9\u51fb!\n\u001b[32mINFO    \u001b[0m root:basepage.py:38 \u5143\u7d20('id', 'com.xxzb.fenwoo:id/et_pwd')\u67e5\u627e\u6210\u529f\uff0c\u8017\u65f62.144521713256836s\n\u001b[32mINFO    \u001b[0m root:basepage.py:38 \u5143\u7d20('id', 'com.xxzb.fenwoo:id/et_pwd')\u67e5\u627e\u6210\u529f\uff0c\u8017\u65f60.060512542724609375s\n\u001b[32mINFO    \u001b[0m root:basepage.py:56 \u5143\u7d20('id', 'com.xxzb.fenwoo:id/et_pwd')\u67e5\u627e\u6210\u529f\uff01\n\u001b[32mINFO    \u001b[0m root:basepage.py:81 \u5143\u7d20('id', 'com.xxzb.fenwoo:id/et_pwd')\u6210\u529f\u8f93\u5165python\n\u001b[32mINFO    \u001b[0m root:basepage.py:38 \u5143\u7d20('id', 'com.xxzb.fenwoo:id/btn_next_step')\u67e5\u627e\u6210\u529f\uff0c\u8017\u65f61.087752103805542s\n\u001b[32mINFO    \u001b[0m root:basepage.py:56 \u5143\u7d20('id', 'com.xxzb.fenwoo:id/btn_next_step')\u67e5\u627e\u6210\u529f\uff01\n\u001b[32mINFO    \u001b[0m root:basepage.py:102 \u5143\u7d20('id', 'com.xxzb.fenwoo:id/btn_next_step')\u6210\u529f\u70b9\u51fb!\n\u001b[32mINFO    \u001b[0m root:bottom_widget.py:15 \u5207\u6362\u5230\u9875\u9762\u9996\u9875\n\u001b[32mINFO    \u001b[0m root:basepage.py:38 \u5143\u7d20('-android uiautomator', 'new UiSelector().text(\"\u9996\u9875\")')\u67e5\u627e\u6210\u529f\uff0c\u8017\u65f60.0985710620880127s\n\u001b[32mINFO    \u001b[0m root:basepage.py:38 \u5143\u7d20('-android uiautomator', 'new UiSelector().text(\"\u9996\u9875\")')\u67e5\u627e\u6210\u529f\uff0c\u8017\u65f60.06148886680603027s\n\u001b[32mINFO    \u001b[0m root:basepage.py:56 \u5143\u7d20('-android uiautomator', 'new UiSelector().text(\"\u9996\u9875\")')\u67e5\u627e\u6210\u529f\uff01\n\u001b[32mINFO    \u001b[0m root:basepage.py:102 \u5143\u7d20('-android uiautomator', 'new UiSelector().text(\"\u9996\u9875\")')\u6210\u529f\u70b9\u51fb!\n\u001b[32mINFO    \u001b[0m root:test_2_invest.py:30 \u786e\u8ba4\u767b\u5f55\u6210\u529f!\n\u001b[32mINFO    \u001b[0m root:bottom_widget.py:15 \u5207\u6362\u5230\u9875\u9762\u9879\u76ee\n\u001b[32mINFO    \u001b[0m root:basepage.py:38 \u5143\u7d20('-android uiautomator', 'new UiSelector().text(\"\u9879\u76ee\")')\u67e5\u627e\u6210\u529f\uff0c\u8017\u65f60.0771036148071289s\n\u001b[32mINFO    \u001b[0m root:basepage.py:38 \u5143\u7d20('-android uiautomator', 'new UiSelector().text(\"\u9879\u76ee\")')\u67e5\u627e\u6210\u529f\uff0c\u8017\u65f60.06102347373962402s\n\u001b[32mINFO    \u001b[0m root:basepage.py:56 \u5143\u7d20('-android uiautomator', 'new UiSelector().text(\"\u9879\u76ee\")')\u67e5\u627e\u6210\u529f\uff01\n\u001b[31m\u001b[1mERROR   \u001b[0m root:basepage.py:129 \u622a\u56fe\u5931\u8d25!\nTraceback (most recent call last):\n  File \"d:\\python\\mystudy\\AppFramework\\Common\\basepage.py\", line 101, in click_ele\n    ele.click()\n  File \"D:\\Program Files (x86)\\python\\lib\\site-packages\\selenium\\webdriver\\remote\\webelement.py\", line 80, in click\n    self._execute(Command.CLICK_ELEMENT)\n  File \"D:\\Program Files (x86)\\python\\lib\\site-packages\\selenium\\webdriver\\remote\\webelement.py\", line 633, in _execute\n    return self._parent.execute(command, params)\n  File \"D:\\Program Files (x86)\\python\\lib\\site-packages\\selenium\\webdriver\\remote\\webdriver.py\", line 321, in execute\n    self.error_handler.check_response(response)\n  File \"D:\\Program Files (x86)\\python\\lib\\site-packages\\appium\\webdriver\\errorhandler.py\", line 29, in check_response\n    raise wde\n  File \"D:\\Program Files (x86)\\python\\lib\\site-packages\\appium\\webdriver\\errorhandler.py\", line 24, in check_response\n    super(MobileErrorHandler, self).check_response(response)\n  File \"D:\\Program Files (x86)\\python\\lib\\site-packages\\selenium\\webdriver\\remote\\errorhandler.py\", line 242, in check_response\n    raise exception_class(message, screen, stacktrace)\nselenium.common.exceptions.WebDriverException: Message: An unknown server-side error occurred while processing the command. Original error: Could not proxy command to remote server. Original error: Error: socket hang up\n\n\nDuring handling of the above exception, another exception occurred:\n\nTraceback (most recent call last):\n  File \"d:\\python\\mystudy\\AppFramework\\Common\\basepage.py\", line 126, in imgs_screenshot\n    self.driver.save_screenshot(pic_path)\n  File \"D:\\Program Files (x86)\\python\\lib\\site-packages\\selenium\\webdriver\\remote\\webdriver.py\", line 1055, in save_screenshot\n    return self.get_screenshot_as_file(filename)\n  File \"D:\\Program Files (x86)\\python\\lib\\site-packages\\selenium\\webdriver\\remote\\webdriver.py\", line 1032, in get_screenshot_as_file\n    png = self.get_screenshot_as_png()\n  File \"D:\\Program Files (x86)\\python\\lib\\site-packages\\selenium\\webdriver\\remote\\webdriver.py\", line 1064, in get_screenshot_as_png\n    return base64.b64decode(self.get_screenshot_as_base64().encode('ascii'))\n  File \"D:\\Program Files (x86)\\python\\lib\\site-packages\\selenium\\webdriver\\remote\\webdriver.py\", line 1074, in get_screenshot_as_base64\n    return self.execute(Command.SCREENSHOT)['value']\n  File \"D:\\Program Files (x86)\\python\\lib\\site-packages\\selenium\\webdriver\\remote\\webdriver.py\", line 321, in execute\n    self.error_handler.check_response(response)\n  File \"D:\\Program Files (x86)\\python\\lib\\site-packages\\appium\\webdriver\\errorhandler.py\", line 29, in check_response\n    raise wde\n  File \"D:\\Program Files (x86)\\python\\lib\\site-packages\\appium\\webdriver\\errorhandler.py\", line 24, in check_response\n    super(MobileErrorHandler, self).check_response(response)\n  File \"D:\\Program Files (x86)\\python\\lib\\site-packages\\selenium\\webdriver\\remote\\errorhandler.py\", line 242, in check_response\n    raise exception_class(message, screen, stacktrace)\nselenium.common.exceptions.WebDriverException: Message: An unknown server-side error occurred while processing the command. Original error: Could not proxy command to remote server. Original error: Error: socket hang up"]], "duration": 1.3597667217254639, "_report_type": "TestReport"}
{"exitstatus": 1, "$report_type": "SessionFinish"}
